C:\USERS\PETAR\DOCUMENTS\VISUAL STUDIO 2012\PROJECTS\PROJECT1\PROJECT1\DEBUG\SOURCE.OBJ
C:\USERS\PETAR\DOCUMENTS\VISUAL STUDIO 2012\PROJECTS\PROJECT1\PROJECT1\DEBUG\VC110.PDB
C:\USERS\PETAR\DOCUMENTS\VISUAL STUDIO 2012\PROJECTS\PROJECT1\DEBUG\PROJECT1.ILK
C:\USERS\PETAR\DOCUMENTS\VISUAL STUDIO 2012\PROJECTS\PROJECT1\DEBUG\PROJECT1.EXE
C:\USERS\PETAR\DOCUMENTS\VISUAL STUDIO 2012\PROJECTS\PROJECT1\DEBUG\PROJECT1.PDB
C:\USERS\PETAR\DOCUMENTS\VISUAL STUDIO 2012\PROJECTS\PROJECT1\PROJECT1\DEBUG\PROJECT1.RES
C:\Users\Petar\documents\visual studio 2012\Projects\Project1\Project1\Debug\Source.obj
C:\Users\Petar\documents\visual studio 2012\Projects\Project1\Project1\Debug\cl.command.1.tlog
C:\Users\Petar\documents\visual studio 2012\Projects\Project1\Project1\Debug\CL.read.1.tlog
C:\Users\Petar\documents\visual studio 2012\Projects\Project1\Project1\Debug\CL.write.1.tlog
C:\Users\Petar\documents\visual studio 2012\Projects\Project1\Project1\Debug\link-cvtres.read.1.tlog
C:\Users\Petar\documents\visual studio 2012\Projects\Project1\Project1\Debug\link-cvtres.write.1.tlog
C:\Users\Petar\documents\visual studio 2012\Projects\Project1\Project1\Debug\link-rc.read.1.tlog
C:\Users\Petar\documents\visual studio 2012\Projects\Project1\Project1\Debug\link-rc.write.1.tlog
C:\Users\Petar\documents\visual studio 2012\Projects\Project1\Project1\Debug\link.4324-cvtres.read.1.tlog
C:\Users\Petar\documents\visual studio 2012\Projects\Project1\Project1\Debug\link.4324-cvtres.write.1.tlog
C:\Users\Petar\documents\visual studio 2012\Projects\Project1\Project1\Debug\link.4324-rc.read.1.tlog
C:\Users\Petar\documents\visual studio 2012\Projects\Project1\Project1\Debug\link.4324-rc.write.1.tlog
C:\Users\Petar\documents\visual studio 2012\Projects\Project1\Project1\Debug\link.4324.read.1.tlog
C:\Users\Petar\documents\visual studio 2012\Projects\Project1\Project1\Debug\link.4324.write.1.tlog
C:\Users\Petar\documents\visual studio 2012\Projects\Project1\Project1\Debug\link.command.1.tlog
C:\Users\Petar\documents\visual studio 2012\Projects\Project1\Project1\Debug\link.read.1.tlog
C:\Users\Petar\documents\visual studio 2012\Projects\Project1\Project1\Debug\link.write.1.tlog
C:\Users\Petar\documents\visual studio 2012\Projects\Project1\Project1\Debug\rc.command.1.tlog
C:\Users\Petar\documents\visual studio 2012\Projects\Project1\Project1\Debug\rc.read.1.tlog
C:\Users\Petar\documents\visual studio 2012\Projects\Project1\Project1\Debug\rc.write.1.tlog
C:\Users\Petar\documents\visual studio 2012\Projects\Project1\Project1\Debug\Project1.res
C:\Users\Petar\documents\visual studio 2012\Projects\Project1\Project1\Debug\vc110.idb
C:\Users\Petar\documents\visual studio 2012\Projects\Project1\Project1\Debug\vc110.pdb
C:\Users\Petar\documents\visual studio 2012\Projects\Project1\Debug\Project1.pdb
C:\Users\Petar\documents\visual studio 2012\Projects\Project1\Debug\Project1.exe
C:\Users\Petar\documents\visual studio 2012\Projects\Project1\Debug\Project1.ilk
